<?xml version="1.0" encoding="UTF-8"?>
<!-- Generated by org.testng.reporters.JUnitReportReporter -->
<testsuite hostname="Mohsins-MacBook-Air.local" failures="0" tests="4" name="test.day3" time="0.008" errors="0" timestamp="2020-09-07T23:47:16 CEST" skipped="0">
  <testcase classname="test.day3" name="MobileSigninCarLoan" time="0.002"/>
  <system-out/>
  <testcase classname="test.day3" name="WebLoginCarLoan" time="0.001"/>
  <system-out/>
  <testcase classname="test.day3" name="MobileSigninCarLoan" time="0.001"/>
  <system-out/>
  <testcase classname="test.day3" name="MobileSigninCarLoan" time="0.004"/>
  <system-out/>
</testsuite> <!-- test.day3 -->
