<?xml version="1.0" encoding="UTF-8"?>
<!-- Generated by org.testng.reporters.JUnitReportReporter -->
<testsuite hostname="Mohsins-MacBook-Air.local" failures="0" tests="2" name="test.day1" time="0.011" errors="0" timestamp="2020-09-07T23:47:16 CEST" skipped="1">
  <testcase classname="test.day1" name="SecondTest" time="0.011"/>
  <system-out/>
  <testcase classname="test.day1" name="Demo">
    <skipped/>
  </testcase> <!-- Demo -->
  <system-out/>
</testsuite> <!-- test.day1 -->
