<?xml version="1.0" encoding="UTF-8"?>
<!-- Generated by org.testng.reporters.JUnitReportReporter -->
<testsuite hostname="Mohsins-MacBook-Air.local" failures="0" tests="3" name="test.day4" time="0.018" errors="0" timestamp="2020-09-07T23:47:16 CEST" skipped="0">
  <testcase classname="test.day4" name="LoginAPIHomeLoan" time="0.003"/>
  <system-out/>
  <testcase classname="test.day4" name="MobilLoginHomeLoan" time="0.013"/>
  <system-out/>
  <testcase classname="test.day4" name="WebloginHomeLoan" time="0.002"/>
  <system-out/>
</testsuite> <!-- test.day4 -->
