<?xml version="1.0" encoding="UTF-8"?>
<!-- Generated by org.testng.reporters.JUnitReportReporter -->
<testsuite hostname="Mohsins-MacBook-Air.local" failures="0" tests="1" name="test.day2" time="0.002" errors="0" timestamp="2020-09-07T23:47:16 CEST" skipped="0">
  <testcase classname="test.day2" name="Ploan" time="0.002"/>
  <system-out/>
</testsuite> <!-- test.day2 -->
